This is pdfTeX, Version 3.141592653-2.6-1.40.25 (MiKTeX 23.12) (preloaded format=pdflatex 2024.1.22)  11 APR 2025 18:27
entering extended mode
 restricted \write18 enabled.
 file:line:error style messages enabled.
 %&-line parsing enabled.
**"d:/03 My Study Area/6th Semester/CS-726/Programming HW/Assignment-4/report/report.tex"
(d:/03 My Study Area/6th Semester/CS-726/Programming HW/Assignment-4/report/report.tex
LaTeX2e <2023-11-01> patch level 1
L3 programming layer <2024-01-04>
(C:\Users\deept\AppData\Local\Programs\MiKTeX\tex/latex/base\article.cls
Document Class: article 2023/05/17 v1.4n Standard LaTeX document class
(C:\Users\deept\AppData\Local\Programs\MiKTeX\tex/latex/base\size11.clo
File: size11.clo 2023/05/17 v1.4n Standard LaTeX file (size option)
)
\c@part=\count187
\c@section=\count188
\c@subsection=\count189
\c@subsubsection=\count190
\c@paragraph=\count191
\c@subparagraph=\count192
\c@figure=\count193
\c@table=\count194
\abovecaptionskip=\skip48
\belowcaptionskip=\skip49
\bibindent=\dimen140
) (C:\Users\deept\AppData\Local\Programs\MiKTeX\tex/latex/geometry\geometry.sty
Package: geometry 2020/01/02 v5.9 Page Geometry
 (C:\Users\deept\AppData\Local\Programs\MiKTeX\tex/latex/graphics\keyval.sty
Package: keyval 2022/05/29 v1.15 key=value parser (DPC)
\KV@toks@=\toks17
) (C:\Users\deept\AppData\Local\Programs\MiKTeX\tex/generic/iftex\ifvtex.sty
Package: ifvtex 2019/10/25 v1.7 ifvtex legacy package. Use iftex instead.
 (C:\Users\deept\AppData\Local\Programs\MiKTeX\tex/generic/iftex\iftex.sty
Package: iftex 2022/02/03 v1.0f TeX engine tests
))
\Gm@cnth=\count195
\Gm@cntv=\count196
\c@Gm@tempcnt=\count197
\Gm@bindingoffset=\dimen141
\Gm@wd@mp=\dimen142
\Gm@odd@mp=\dimen143
\Gm@even@mp=\dimen144
\Gm@layoutwidth=\dimen145
\Gm@layoutheight=\dimen146
\Gm@layouthoffset=\dimen147
\Gm@layoutvoffset=\dimen148
\Gm@dimlist=\toks18
 (C:\Users\deept\AppData\Local\Programs\MiKTeX\tex/latex/geometry\geometry.cfg)) (C:\Users\deept\AppData\Local\Programs\MiKTeX\tex/latex/amsmath\amsmath.sty
Package: amsmath 2023/05/13 v2.17o AMS math features
\@mathmargin=\skip50

For additional information on amsmath, use the `?' option.
(C:\Users\deept\AppData\Local\Programs\MiKTeX\tex/latex/amsmath\amstext.sty
Package: amstext 2021/08/26 v2.01 AMS text
 (C:\Users\deept\AppData\Local\Programs\MiKTeX\tex/latex/amsmath\amsgen.sty
File: amsgen.sty 1999/11/30 v2.0 generic functions
\@emptytoks=\toks19
\ex@=\dimen149
)) (C:\Users\deept\AppData\Local\Programs\MiKTeX\tex/latex/amsmath\amsbsy.sty
Package: amsbsy 1999/11/29 v1.2d Bold Symbols
\pmbraise@=\dimen150
) (C:\Users\deept\AppData\Local\Programs\MiKTeX\tex/latex/amsmath\amsopn.sty
Package: amsopn 2022/04/08 v2.04 operator names
)
\inf@bad=\count198
LaTeX Info: Redefining \frac on input line 234.
\uproot@=\count199
\leftroot@=\count266
LaTeX Info: Redefining \overline on input line 399.
LaTeX Info: Redefining \colon on input line 410.
\classnum@=\count267
\DOTSCASE@=\count268
LaTeX Info: Redefining \ldots on input line 496.
LaTeX Info: Redefining \dots on input line 499.
LaTeX Info: Redefining \cdots on input line 620.
\Mathstrutbox@=\box51
\strutbox@=\box52
LaTeX Info: Redefining \big on input line 722.
LaTeX Info: Redefining \Big on input line 723.
LaTeX Info: Redefining \bigg on input line 724.
LaTeX Info: Redefining \Bigg on input line 725.
\big@size=\dimen151
LaTeX Font Info:    Redeclaring font encoding OML on input line 743.
LaTeX Font Info:    Redeclaring font encoding OMS on input line 744.
\macc@depth=\count269
LaTeX Info: Redefining \bmod on input line 905.
LaTeX Info: Redefining \pmod on input line 910.
LaTeX Info: Redefining \smash on input line 940.
LaTeX Info: Redefining \relbar on input line 970.
LaTeX Info: Redefining \Relbar on input line 971.
\c@MaxMatrixCols=\count270
\dotsspace@=\muskip16
\c@parentequation=\count271
\dspbrk@lvl=\count272
\tag@help=\toks20
\row@=\count273
\column@=\count274
\maxfields@=\count275
\andhelp@=\toks21
\eqnshift@=\dimen152
\alignsep@=\dimen153
\tagshift@=\dimen154
\tagwidth@=\dimen155
\totwidth@=\dimen156
\lineht@=\dimen157
\@envbody=\toks22
\multlinegap=\skip51
\multlinetaggap=\skip52
\mathdisplay@stack=\toks23
LaTeX Info: Redefining \[ on input line 2953.
LaTeX Info: Redefining \] on input line 2954.
) (C:\Users\deept\AppData\Local\Programs\MiKTeX\tex/latex/amsfonts\amssymb.sty
Package: amssymb 2013/01/14 v3.01 AMS font symbols
 (C:\Users\deept\AppData\Local\Programs\MiKTeX\tex/latex/amsfonts\amsfonts.sty
Package: amsfonts 2013/01/14 v3.01 Basic AMSFonts support
\symAMSa=\mathgroup4
\symAMSb=\mathgroup5
LaTeX Font Info:    Redeclaring math symbol \hbar on input line 98.
LaTeX Font Info:    Overwriting math alphabet `\mathfrak' in version `bold'
(Font)                  U/euf/m/n --> U/euf/b/n on input line 106.
)) (C:\Users\deept\AppData\Local\Programs\MiKTeX\tex/latex/graphics\graphicx.sty
Package: graphicx 2021/09/16 v1.2d Enhanced LaTeX Graphics (DPC,SPQR)
 (C:\Users\deept\AppData\Local\Programs\MiKTeX\tex/latex/graphics\graphics.sty
Package: graphics 2022/03/10 v1.4e Standard LaTeX Graphics (DPC,SPQR)
 (C:\Users\deept\AppData\Local\Programs\MiKTeX\tex/latex/graphics\trig.sty
Package: trig 2021/08/11 v1.11 sin cos tan (DPC)
) (C:\Users\deept\AppData\Local\Programs\MiKTeX\tex/latex/graphics-cfg\graphics.cfg
File: graphics.cfg 2016/06/04 v1.11 sample graphics configuration
)
Package graphics Info: Driver file: pdftex.def on input line 107.
 (C:\Users\deept\AppData\Local\Programs\MiKTeX\tex/latex/graphics-def\pdftex.def
File: pdftex.def 2022/09/22 v1.2b Graphics/color driver for pdftex
))
\Gin@req@height=\dimen158
\Gin@req@width=\dimen159
) (C:\Users\deept\AppData\Local\Programs\MiKTeX\tex/latex/hyperref\hyperref.sty
Package: hyperref 2023-11-26 v7.01g Hypertext links for LaTeX
 (C:\Users\deept\AppData\Local\Programs\MiKTeX\tex/generic/infwarerr\infwarerr.sty
Package: infwarerr 2019/12/03 v1.5 Providing info/warning/error messages (HO)
) (C:\Users\deept\AppData\Local\Programs\MiKTeX\tex/latex/kvsetkeys\kvsetkeys.sty
Package: kvsetkeys 2022-10-05 v1.19 Key value parser (HO)
) (C:\Users\deept\AppData\Local\Programs\MiKTeX\tex/generic/kvdefinekeys\kvdefinekeys.sty
Package: kvdefinekeys 2019-12-19 v1.6 Define keys (HO)
) (C:\Users\deept\AppData\Local\Programs\MiKTeX\tex/generic/pdfescape\pdfescape.sty
Package: pdfescape 2019/12/09 v1.15 Implements pdfTeX's escape features (HO)
 (C:\Users\deept\AppData\Local\Programs\MiKTeX\tex/generic/ltxcmds\ltxcmds.sty
Package: ltxcmds 2023-12-04 v1.26 LaTeX kernel commands for general use (HO)
) (C:\Users\deept\AppData\Local\Programs\MiKTeX\tex/generic/pdftexcmds\pdftexcmds.sty
Package: pdftexcmds 2020-06-27 v0.33 Utility functions of pdfTeX for LuaTeX (HO)
Package pdftexcmds Info: \pdf@primitive is available.
Package pdftexcmds Info: \pdf@ifprimitive is available.
Package pdftexcmds Info: \pdfdraftmode found.
)) (C:\Users\deept\AppData\Local\Programs\MiKTeX\tex/latex/hycolor\hycolor.sty
Package: hycolor 2020-01-27 v1.10 Color options for hyperref/bookmark (HO)
) (C:\Users\deept\AppData\Local\Programs\MiKTeX\tex/latex/letltxmacro\letltxmacro.sty
Package: letltxmacro 2019/12/03 v1.6 Let assignment for LaTeX macros (HO)
) (C:\Users\deept\AppData\Local\Programs\MiKTeX\tex/latex/auxhook\auxhook.sty
Package: auxhook 2019-12-17 v1.6 Hooks for auxiliary files (HO)
) (C:\Users\deept\AppData\Local\Programs\MiKTeX\tex/latex/hyperref\nameref.sty
Package: nameref 2023-11-26 v2.56 Cross-referencing by name of section
 (C:\Users\deept\AppData\Local\Programs\MiKTeX\tex/latex/refcount\refcount.sty
Package: refcount 2019/12/15 v3.6 Data extraction from label references (HO)
) (C:\Users\deept\AppData\Local\Programs\MiKTeX\tex/generic/gettitlestring\gettitlestring.sty
Package: gettitlestring 2019/12/15 v1.6 Cleanup title references (HO)
 (C:\Users\deept\AppData\Local\Programs\MiKTeX\tex/latex/kvoptions\kvoptions.sty
Package: kvoptions 2022-06-15 v3.15 Key value format for package options (HO)
))
\c@section@level=\count276
) (C:\Users\deept\AppData\Local\Programs\MiKTeX\tex/latex/etoolbox\etoolbox.sty
Package: etoolbox 2020/10/05 v2.5k e-TeX tools for LaTeX (JAW)
\etb@tempcnta=\count277
)
\@linkdim=\dimen160
\Hy@linkcounter=\count278
\Hy@pagecounter=\count279
 (C:\Users\deept\AppData\Local\Programs\MiKTeX\tex/latex/hyperref\pd1enc.def
File: pd1enc.def 2023-11-26 v7.01g Hyperref: PDFDocEncoding definition (HO)
Now handling font encoding PD1 ...
... no UTF-8 mapping file for font encoding PD1
) (C:\Users\deept\AppData\Local\Programs\MiKTeX\tex/generic/intcalc\intcalc.sty
Package: intcalc 2019/12/15 v1.3 Expandable calculations with integers (HO)
)
\Hy@SavedSpaceFactor=\count280
 (C:\Users\deept\AppData\Local\Programs\MiKTeX\tex/latex/hyperref\puenc.def
File: puenc.def 2023-11-26 v7.01g Hyperref: PDF Unicode definition (HO)
Now handling font encoding PU ...
... no UTF-8 mapping file for font encoding PU
)
Package hyperref Info: Hyper figures OFF on input line 4181.
Package hyperref Info: Link nesting OFF on input line 4186.
Package hyperref Info: Hyper index ON on input line 4189.
Package hyperref Info: Plain pages OFF on input line 4196.
Package hyperref Info: Backreferencing OFF on input line 4201.
Package hyperref Info: Implicit mode ON; LaTeX internals redefined.
Package hyperref Info: Bookmarks ON on input line 4448.
\c@Hy@tempcnt=\count281
 (C:\Users\deept\AppData\Local\Programs\MiKTeX\tex/latex/url\url.sty
\Urlmuskip=\muskip17
Package: url 2013/09/16  ver 3.4  Verb mode for urls, etc.
)
LaTeX Info: Redefining \url on input line 4786.
\XeTeXLinkMargin=\dimen161
 (C:\Users\deept\AppData\Local\Programs\MiKTeX\tex/generic/bitset\bitset.sty
Package: bitset 2019/12/09 v1.3 Handle bit-vector datatype (HO)
 (C:\Users\deept\AppData\Local\Programs\MiKTeX\tex/generic/bigintcalc\bigintcalc.sty
Package: bigintcalc 2019/12/15 v1.5 Expandable calculations on big integers (HO)
))
\Fld@menulength=\count282
\Field@Width=\dimen162
\Fld@charsize=\dimen163
Package hyperref Info: Hyper figures OFF on input line 6065.
Package hyperref Info: Link nesting OFF on input line 6070.
Package hyperref Info: Hyper index ON on input line 6073.
Package hyperref Info: backreferencing OFF on input line 6080.
Package hyperref Info: Link coloring OFF on input line 6085.
Package hyperref Info: Link coloring with OCG OFF on input line 6090.
Package hyperref Info: PDF/A mode OFF on input line 6095.
 (C:\Users\deept\AppData\Local\Programs\MiKTeX\tex/latex/base\atbegshi-ltx.sty
Package: atbegshi-ltx 2021/01/10 v1.0c Emulation of the original atbegshi
package with kernel methods
)
\Hy@abspage=\count283
\c@Item=\count284
\c@Hfootnote=\count285
)
Package hyperref Info: Driver (autodetected): hpdftex.
 (C:\Users\deept\AppData\Local\Programs\MiKTeX\tex/latex/hyperref\hpdftex.def
File: hpdftex.def 2023-11-26 v7.01g Hyperref driver for pdfTeX
 (C:\Users\deept\AppData\Local\Programs\MiKTeX\tex/latex/base\atveryend-ltx.sty
Package: atveryend-ltx 2020/08/19 v1.0a Emulation of the original atveryend package
with kernel methods
)
\Fld@listcount=\count286
\c@bookmark@seq@number=\count287
 (C:\Users\deept\AppData\Local\Programs\MiKTeX\tex/latex/rerunfilecheck\rerunfilecheck.sty
Package: rerunfilecheck 2022-07-10 v1.10 Rerun checks for auxiliary files (HO)
 (C:\Users\deept\AppData\Local\Programs\MiKTeX\tex/generic/uniquecounter\uniquecounter.sty
Package: uniquecounter 2019/12/15 v1.4 Provide unlimited unique counter (HO)
)
Package uniquecounter Info: New unique counter `rerunfilecheck' on input line 285.
)
\Hy@SectionHShift=\skip53
) (C:\Users\deept\AppData\Local\Programs\MiKTeX\tex/latex/algorithms\algorithm.sty
Package: algorithm 2009/08/24 v0.1 Document Style `algorithm' - floating environment
 (C:\Users\deept\AppData\Local\Programs\MiKTeX\tex/latex/float\float.sty
Package: float 2001/11/08 v1.3d Float enhancements (AL)
\c@float@type=\count288
\float@exts=\toks24
\float@box=\box53
\@float@everytoks=\toks25
\@floatcapt=\box54
) (C:\Users\deept\AppData\Local\Programs\MiKTeX\tex/latex/base\ifthen.sty
Package: ifthen 2022/04/13 v1.1d Standard LaTeX ifthen package (DPC)
)
\@float@every@algorithm=\toks26
\c@algorithm=\count289
) (C:\Users\deept\AppData\Local\Programs\MiKTeX\tex/latex/algorithmicx\algpseudocode.sty
Package: algpseudocode 
 (C:\Users\deept\AppData\Local\Programs\MiKTeX\tex/latex/algorithmicx\algorithmicx.sty
Package: algorithmicx 2005/04/27 v1.2 Algorithmicx

Document Style algorithmicx 1.2 - a greatly improved `algorithmic' style
\c@ALG@line=\count290
\c@ALG@rem=\count291
\c@ALG@nested=\count292
\ALG@tlm=\skip54
\ALG@thistlm=\skip55
\c@ALG@Lnr=\count293
\c@ALG@blocknr=\count294
\c@ALG@storecount=\count295
\c@ALG@tmpcounter=\count296
\ALG@tmplength=\skip56
)
Document Style - pseudocode environments for use with the `algorithmicx' style
) (C:\Users\deept\AppData\Local\Programs\MiKTeX\tex/latex/booktabs\booktabs.sty
Package: booktabs 2020/01/12 v1.61803398 Publication quality tables
\heavyrulewidth=\dimen164
\lightrulewidth=\dimen165
\cmidrulewidth=\dimen166
\belowrulesep=\dimen167
\belowbottomsep=\dimen168
\aboverulesep=\dimen169
\abovetopsep=\dimen170
\cmidrulesep=\dimen171
\cmidrulekern=\dimen172
\defaultaddspace=\dimen173
\@cmidla=\count297
\@cmidlb=\count298
\@aboverulesep=\dimen174
\@belowrulesep=\dimen175
\@thisruleclass=\count299
\@lastruleclass=\count300
\@thisrulewidth=\dimen176
) (C:\Users\deept\AppData\Local\Programs\MiKTeX\tex/latex/tools\longtable.sty
Package: longtable 2023-11-01 v4.19 Multi-page Table package (DPC)
\LTleft=\skip57
\LTright=\skip58
\LTpre=\skip59
\LTpost=\skip60
\LTchunksize=\count301
\LTcapwidth=\dimen177
\LT@head=\box55
\LT@firsthead=\box56
\LT@foot=\box57
\LT@lastfoot=\box58
\LT@gbox=\box59
\LT@cols=\count302
\LT@rows=\count303
\c@LT@tables=\count304
\c@LT@chunks=\count305
\LT@p@ftn=\toks27
) (C:\Users\deept\AppData\Local\Programs\MiKTeX\tex/latex/multirow\multirow.sty
Package: multirow 2021/03/15 v2.8 Span multiple rows of a table
\multirow@colwidth=\skip61
\multirow@cntb=\count306
\multirow@dima=\skip62
\bigstrutjot=\dimen178
) (C:\Users\deept\AppData\Local\Programs\MiKTeX\tex/latex/l3backend\l3backend-pdftex.def
File: l3backend-pdftex.def 2024-01-04 L3 backend support: PDF output (pdfTeX)
\l__color_backend_stack_int=\count307
\l__pdf_internal_box=\box60
) (report.aux)
\openout1 = `report.aux'.

LaTeX Font Info:    Checking defaults for OML/cmm/m/it on input line 21.
LaTeX Font Info:    ... okay on input line 21.
LaTeX Font Info:    Checking defaults for OMS/cmsy/m/n on input line 21.
LaTeX Font Info:    ... okay on input line 21.
LaTeX Font Info:    Checking defaults for OT1/cmr/m/n on input line 21.
LaTeX Font Info:    ... okay on input line 21.
LaTeX Font Info:    Checking defaults for T1/cmr/m/n on input line 21.
LaTeX Font Info:    ... okay on input line 21.
LaTeX Font Info:    Checking defaults for TS1/cmr/m/n on input line 21.
LaTeX Font Info:    ... okay on input line 21.
LaTeX Font Info:    Checking defaults for OMX/cmex/m/n on input line 21.
LaTeX Font Info:    ... okay on input line 21.
LaTeX Font Info:    Checking defaults for U/cmr/m/n on input line 21.
LaTeX Font Info:    ... okay on input line 21.
LaTeX Font Info:    Checking defaults for PD1/pdf/m/n on input line 21.
LaTeX Font Info:    ... okay on input line 21.
LaTeX Font Info:    Checking defaults for PU/pdf/m/n on input line 21.
LaTeX Font Info:    ... okay on input line 21.

*geometry* driver: auto-detecting
*geometry* detected driver: pdftex
*geometry* verbose mode - [ preamble ] result:
* driver: pdftex
* paper: <default>
* layout: <same size as paper>
* layoutoffset:(h,v)=(0.0pt,0.0pt)
* modes: 
* h-part:(L,W,R)=(72.26999pt, 469.75502pt, 72.26999pt)
* v-part:(T,H,B)=(50.58878pt, 672.11122pt, 72.26999pt)
* \paperwidth=614.295pt
* \paperheight=794.96999pt
* \textwidth=469.75502pt
* \textheight=672.11122pt
* \oddsidemargin=0.0pt
* \evensidemargin=0.0pt
* \topmargin=-58.68121pt
* \headheight=12.0pt
* \headsep=25.0pt
* \topskip=11.0pt
* \footskip=30.0pt
* \marginparwidth=59.0pt
* \marginparsep=10.0pt
* \columnsep=10.0pt
* \skip\footins=10.0pt plus 4.0pt minus 2.0pt
* \hoffset=0.0pt
* \voffset=0.0pt
* \mag=1000
* \@twocolumnfalse
* \@twosidefalse
* \@mparswitchfalse
* \@reversemarginfalse
* (1in=72.27pt=25.4mm, 1cm=28.453pt)

(C:\Users\deept\AppData\Local\Programs\MiKTeX\tex/context/base/mkii\supp-pdf.mkii
[Loading MPS to PDF converter (version 2006.09.02).]
\scratchcounter=\count308
\scratchdimen=\dimen179
\scratchbox=\box61
\nofMPsegments=\count309
\nofMParguments=\count310
\everyMPshowfont=\toks28
\MPscratchCnt=\count311
\MPscratchDim=\dimen180
\MPnumerator=\count312
\makeMPintoPDFobject=\count313
\everyMPtoPDFconversion=\toks29
) (C:\Users\deept\AppData\Local\Programs\MiKTeX\tex/latex/epstopdf-pkg\epstopdf-base.sty
Package: epstopdf-base 2020-01-24 v2.11 Base part for package epstopdf
Package epstopdf-base Info: Redefining graphics rule for `.eps' on input line 485.
 (C:\Users\deept\AppData\Local\Programs\MiKTeX\tex/latex/00miktex\epstopdf-sys.cfg
File: epstopdf-sys.cfg 2021/03/18 v2.0 Configuration of epstopdf for MiKTeX
))
Package hyperref Info: Link coloring OFF on input line 21.
 (report.out) (report.out)
\@outlinefile=\write3
\openout3 = `report.out'.

LaTeX Font Info:    Trying to load font information for U+msa on input line 24.
 (C:\Users\deept\AppData\Local\Programs\MiKTeX\tex/latex/amsfonts\umsa.fd
File: umsa.fd 2013/01/14 v3.01 AMS symbols A
)
LaTeX Font Info:    Trying to load font information for U+msb on input line 24.
 (C:\Users\deept\AppData\Local\Programs\MiKTeX\tex/latex/amsfonts\umsb.fd
File: umsb.fd 2013/01/14 v3.01 AMS symbols B
)
Overfull \hbox (53.37556pt too wide) in paragraph at lines 70--70
[]\OT1/cmtt/m/n/10.95 Dataset loaded in 0.17s. Shape: x=torch.Size([100000, 784]), energy=torch.Size([100000, 1])[] 
 []

[1

{C:/Users/deept/AppData/Local/MiKTeX/fonts/map/pdftex/pdftex.map}]
<../TASK-0-1/tsne_plot_sklearn_2d_1.png, id=25, 578.16pt x 433.62pt>
File: ../TASK-0-1/tsne_plot_sklearn_2d_1.png Graphic file (type png)
<use ../TASK-0-1/tsne_plot_sklearn_2d_1.png>
Package pdftex.def Info: ../TASK-0-1/tsne_plot_sklearn_2d_1.png  used on input line 90.
(pdftex.def)             Requested size: 187.89914pt x 140.92482pt.
<../TASK-0-1/tsne_plot_sklearn_3d_1.png, id=27, 722.7pt x 578.16pt>
File: ../TASK-0-1/tsne_plot_sklearn_3d_1.png Graphic file (type png)
<use ../TASK-0-1/tsne_plot_sklearn_3d_1.png>
Package pdftex.def Info: ../TASK-0-1/tsne_plot_sklearn_3d_1.png  used on input line 91.
(pdftex.def)             Requested size: 187.89914pt x 150.31805pt.
<../TASK-0-1/tsne_plot_sklearn_2d_2.png, id=28, 578.16pt x 433.62pt>
File: ../TASK-0-1/tsne_plot_sklearn_2d_2.png Graphic file (type png)
<use ../TASK-0-1/tsne_plot_sklearn_2d_2.png>
Package pdftex.def Info: ../TASK-0-1/tsne_plot_sklearn_2d_2.png  used on input line 94.
(pdftex.def)             Requested size: 187.89914pt x 140.92482pt.
<../TASK-0-1/tsne_plot_sklearn_3d_2.png, id=29, 722.7pt x 578.16pt>
File: ../TASK-0-1/tsne_plot_sklearn_3d_2.png Graphic file (type png)
<use ../TASK-0-1/tsne_plot_sklearn_3d_2.png>
Package pdftex.def Info: ../TASK-0-1/tsne_plot_sklearn_3d_2.png  used on input line 95.
(pdftex.def)             Requested size: 187.89914pt x 150.31805pt.
 [2
pdfTeX warning (ext4): destination with the same identifier (name{figure.1}) has been already used, duplicate ignored
<argument> ...shipout:D \box_use:N \l_shipout_box 
                                                  \__shipout_drop_firstpage_...
l.102 \newpage
               <../TASK-0-1/tsne_plot_sklearn_2d_1.png> <../TASK-0-1/tsne_plot_sklearn_3d_1.png> <../TASK-0-1/tsne_plot_sklearn_2d_2.png> <../TASK-0-1/tsne_plot_sklearn_3d_2.png>]
<../Task-02/plots/true_function_rbf_n10_EI.png, id=41, 722.7pt x 578.16pt>
File: ../Task-02/plots/true_function_rbf_n10_EI.png Graphic file (type png)
<use ../Task-02/plots/true_function_rbf_n10_EI.png>
Package pdftex.def Info: ../Task-02/plots/true_function_rbf_n10_EI.png  used on input line 111.
(pdftex.def)             Requested size: 105.69774pt x 84.55003pt.
<../Task-02/plots/true_function_rbf_n20_EI.png, id=42, 722.7pt x 578.16pt>
File: ../Task-02/plots/true_function_rbf_n20_EI.png Graphic file (type png)
<use ../Task-02/plots/true_function_rbf_n20_EI.png>
Package pdftex.def Info: ../Task-02/plots/true_function_rbf_n20_EI.png  used on input line 112.
(pdftex.def)             Requested size: 105.69774pt x 84.55003pt.
<../Task-02/plots/true_function_rbf_n50_EI.png, id=43, 722.7pt x 578.16pt>
File: ../Task-02/plots/true_function_rbf_n50_EI.png Graphic file (type png)
<use ../Task-02/plots/true_function_rbf_n50_EI.png>
Package pdftex.def Info: ../Task-02/plots/true_function_rbf_n50_EI.png  used on input line 113.
(pdftex.def)             Requested size: 105.69774pt x 84.55003pt.
<../Task-02/plots/true_function_rbf_n100_EI.png, id=44, 722.7pt x 578.16pt>
File: ../Task-02/plots/true_function_rbf_n100_EI.png Graphic file (type png)
<use ../Task-02/plots/true_function_rbf_n100_EI.png>
Package pdftex.def Info: ../Task-02/plots/true_function_rbf_n100_EI.png  used on input line 114.
(pdftex.def)             Requested size: 105.69774pt x 84.55003pt.
<../Task-02/plots/true_function_rbf_n10_PI.png, id=45, 722.7pt x 578.16pt>
File: ../Task-02/plots/true_function_rbf_n10_PI.png Graphic file (type png)
<use ../Task-02/plots/true_function_rbf_n10_PI.png>
Package pdftex.def Info: ../Task-02/plots/true_function_rbf_n10_PI.png  used on input line 117.
(pdftex.def)             Requested size: 105.69774pt x 84.55003pt.
<../Task-02/plots/true_function_rbf_n20_PI.png, id=46, 722.7pt x 578.16pt>
File: ../Task-02/plots/true_function_rbf_n20_PI.png Graphic file (type png)
<use ../Task-02/plots/true_function_rbf_n20_PI.png>
Package pdftex.def Info: ../Task-02/plots/true_function_rbf_n20_PI.png  used on input line 118.
(pdftex.def)             Requested size: 105.69774pt x 84.55003pt.
<../Task-02/plots/true_function_rbf_n50_PI.png, id=47, 722.7pt x 578.16pt>
File: ../Task-02/plots/true_function_rbf_n50_PI.png Graphic file (type png)
<use ../Task-02/plots/true_function_rbf_n50_PI.png>
Package pdftex.def Info: ../Task-02/plots/true_function_rbf_n50_PI.png  used on input line 119.
(pdftex.def)             Requested size: 105.69774pt x 84.55003pt.
<../Task-02/plots/true_function_rbf_n100_PI.png, id=48, 722.7pt x 578.16pt>
File: ../Task-02/plots/true_function_rbf_n100_PI.png Graphic file (type png)
<use ../Task-02/plots/true_function_rbf_n100_PI.png>
Package pdftex.def Info: ../Task-02/plots/true_function_rbf_n100_PI.png  used on input line 120.
(pdftex.def)             Requested size: 105.69774pt x 84.55003pt.

Overfull \hbox (1.036pt too wide) in paragraph at lines 110--123
 [][] 
 []

<../Task-02/plots/gp_mean_rbf_n10_EI.png, id=49, 722.7pt x 578.16pt>
File: ../Task-02/plots/gp_mean_rbf_n10_EI.png Graphic file (type png)
<use ../Task-02/plots/gp_mean_rbf_n10_EI.png>
Package pdftex.def Info: ../Task-02/plots/gp_mean_rbf_n10_EI.png  used on input line 130.
(pdftex.def)             Requested size: 105.69774pt x 84.55003pt.
<../Task-02/plots/gp_mean_rbf_n20_EI.png, id=50, 722.7pt x 578.16pt>
File: ../Task-02/plots/gp_mean_rbf_n20_EI.png Graphic file (type png)
<use ../Task-02/plots/gp_mean_rbf_n20_EI.png>
Package pdftex.def Info: ../Task-02/plots/gp_mean_rbf_n20_EI.png  used on input line 131.
(pdftex.def)             Requested size: 105.69774pt x 84.55003pt.
<../Task-02/plots/gp_mean_rbf_n50_EI.png, id=51, 722.7pt x 578.16pt>
File: ../Task-02/plots/gp_mean_rbf_n50_EI.png Graphic file (type png)
<use ../Task-02/plots/gp_mean_rbf_n50_EI.png>
Package pdftex.def Info: ../Task-02/plots/gp_mean_rbf_n50_EI.png  used on input line 132.
(pdftex.def)             Requested size: 105.69774pt x 84.55003pt.
<../Task-02/plots/gp_mean_rbf_n100_EI.png, id=52, 722.7pt x 578.16pt>
File: ../Task-02/plots/gp_mean_rbf_n100_EI.png Graphic file (type png)
<use ../Task-02/plots/gp_mean_rbf_n100_EI.png>
Package pdftex.def Info: ../Task-02/plots/gp_mean_rbf_n100_EI.png  used on input line 133.
(pdftex.def)             Requested size: 105.69774pt x 84.55003pt.
<../Task-02/plots/gp_mean_rbf_n10_PI.png, id=53, 722.7pt x 578.16pt>
File: ../Task-02/plots/gp_mean_rbf_n10_PI.png Graphic file (type png)
<use ../Task-02/plots/gp_mean_rbf_n10_PI.png>
Package pdftex.def Info: ../Task-02/plots/gp_mean_rbf_n10_PI.png  used on input line 136.
(pdftex.def)             Requested size: 105.69774pt x 84.55003pt.
<../Task-02/plots/gp_mean_rbf_n20_PI.png, id=54, 722.7pt x 578.16pt>
File: ../Task-02/plots/gp_mean_rbf_n20_PI.png Graphic file (type png)
<use ../Task-02/plots/gp_mean_rbf_n20_PI.png>
Package pdftex.def Info: ../Task-02/plots/gp_mean_rbf_n20_PI.png  used on input line 137.
(pdftex.def)             Requested size: 105.69774pt x 84.55003pt.
<../Task-02/plots/gp_mean_rbf_n50_PI.png, id=55, 722.7pt x 578.16pt>
File: ../Task-02/plots/gp_mean_rbf_n50_PI.png Graphic file (type png)
<use ../Task-02/plots/gp_mean_rbf_n50_PI.png>
Package pdftex.def Info: ../Task-02/plots/gp_mean_rbf_n50_PI.png  used on input line 138.
(pdftex.def)             Requested size: 105.69774pt x 84.55003pt.
<../Task-02/plots/gp_mean_rbf_n100_PI.png, id=56, 722.7pt x 578.16pt>
File: ../Task-02/plots/gp_mean_rbf_n100_PI.png Graphic file (type png)
<use ../Task-02/plots/gp_mean_rbf_n100_PI.png>
Package pdftex.def Info: ../Task-02/plots/gp_mean_rbf_n100_PI.png  used on input line 139.
(pdftex.def)             Requested size: 105.69774pt x 84.55003pt.

Overfull \hbox (1.036pt too wide) in paragraph at lines 129--142
 [][] 
 []

<../Task-02/plots/gp_std_rbf_n10_EI.png, id=57, 722.7pt x 578.16pt>
File: ../Task-02/plots/gp_std_rbf_n10_EI.png Graphic file (type png)
<use ../Task-02/plots/gp_std_rbf_n10_EI.png>
Package pdftex.def Info: ../Task-02/plots/gp_std_rbf_n10_EI.png  used on input line 149.
(pdftex.def)             Requested size: 105.69774pt x 84.55003pt.
<../Task-02/plots/gp_std_rbf_n20_EI.png, id=58, 722.7pt x 578.16pt>
File: ../Task-02/plots/gp_std_rbf_n20_EI.png Graphic file (type png)
<use ../Task-02/plots/gp_std_rbf_n20_EI.png>
Package pdftex.def Info: ../Task-02/plots/gp_std_rbf_n20_EI.png  used on input line 150.
(pdftex.def)             Requested size: 105.69774pt x 84.55003pt.
<../Task-02/plots/gp_std_rbf_n50_EI.png, id=59, 722.7pt x 578.16pt>
File: ../Task-02/plots/gp_std_rbf_n50_EI.png Graphic file (type png)
<use ../Task-02/plots/gp_std_rbf_n50_EI.png>
Package pdftex.def Info: ../Task-02/plots/gp_std_rbf_n50_EI.png  used on input line 151.
(pdftex.def)             Requested size: 105.69774pt x 84.55003pt.
<../Task-02/plots/gp_std_rbf_n100_EI.png, id=60, 722.7pt x 578.16pt>
File: ../Task-02/plots/gp_std_rbf_n100_EI.png Graphic file (type png)
<use ../Task-02/plots/gp_std_rbf_n100_EI.png>
Package pdftex.def Info: ../Task-02/plots/gp_std_rbf_n100_EI.png  used on input line 152.
(pdftex.def)             Requested size: 105.69774pt x 84.55003pt.
<../Task-02/plots/gp_std_rbf_n10_PI.png, id=61, 722.7pt x 578.16pt>
File: ../Task-02/plots/gp_std_rbf_n10_PI.png Graphic file (type png)
<use ../Task-02/plots/gp_std_rbf_n10_PI.png>
Package pdftex.def Info: ../Task-02/plots/gp_std_rbf_n10_PI.png  used on input line 155.
(pdftex.def)             Requested size: 105.69774pt x 84.55003pt.
<../Task-02/plots/gp_std_rbf_n20_PI.png, id=62, 722.7pt x 578.16pt>
File: ../Task-02/plots/gp_std_rbf_n20_PI.png Graphic file (type png)
<use ../Task-02/plots/gp_std_rbf_n20_PI.png>
Package pdftex.def Info: ../Task-02/plots/gp_std_rbf_n20_PI.png  used on input line 156.
(pdftex.def)             Requested size: 105.69774pt x 84.55003pt.
<../Task-02/plots/gp_std_rbf_n50_PI.png, id=63, 722.7pt x 578.16pt>
File: ../Task-02/plots/gp_std_rbf_n50_PI.png Graphic file (type png)
<use ../Task-02/plots/gp_std_rbf_n50_PI.png>
Package pdftex.def Info: ../Task-02/plots/gp_std_rbf_n50_PI.png  used on input line 157.
(pdftex.def)             Requested size: 105.69774pt x 84.55003pt.
<../Task-02/plots/gp_std_rbf_n100_PI.png, id=64, 722.7pt x 578.16pt>
File: ../Task-02/plots/gp_std_rbf_n100_PI.png Graphic file (type png)
<use ../Task-02/plots/gp_std_rbf_n100_PI.png>
Package pdftex.def Info: ../Task-02/plots/gp_std_rbf_n100_PI.png  used on input line 158.
(pdftex.def)             Requested size: 105.69774pt x 84.55003pt.

Overfull \hbox (1.036pt too wide) in paragraph at lines 148--161
 [][] 
 []

[3
pdfTeX warning (ext4): destination with the same identifier (name{figure.2}) has been already used, duplicate ignored
<argument> ...shipout:D \box_use:N \l_shipout_box 
                                                  \__shipout_drop_firstpage_...
l.164 
      
pdfTeX warning (ext4): destination with the same identifier (name{figure.3}) has been already used, duplicate ignored
<argument> ...shipout:D \box_use:N \l_shipout_box 
                                                  \__shipout_drop_firstpage_...
l.164 
       <../Task-02/plots/true_function_rbf_n10_EI.png> <../Task-02/plots/true_function_rbf_n20_EI.png> <../Task-02/plots/true_function_rbf_n50_EI.png> <../Task-02/plots/true_function_rbf_n100_EI.png> <../Task-02/plots/true_function_rbf_n10_PI.png> <../Task-02/plots/true_function_rbf_n20_PI.png> <../Task-02/plots/true_function_rbf_n50_PI.png> <../Task-02/plots/true_function_rbf_n100_PI.png> <../Task-02/plots/gp_mean_rbf_n10_EI.png> <../Task-02/plots/gp_mean_rbf_n20_EI.png> <../Task-02/plots/gp_mean_rbf_n50_EI.png> <../Task-02/plots/gp_mean_rbf_n100_EI.png> <../Task-02/plots/gp_mean_rbf_n10_PI.png> <../Task-02/plots/gp_mean_rbf_n20_PI.png> <../Task-02/plots/gp_mean_rbf_n50_PI.png> <../Task-02/plots/gp_mean_rbf_n100_PI.png>]
<../Task-02/plots/true_function_matern_n10_EI.png, id=87, 722.7pt x 578.16pt>
File: ../Task-02/plots/true_function_matern_n10_EI.png Graphic file (type png)
<use ../Task-02/plots/true_function_matern_n10_EI.png>
Package pdftex.def Info: ../Task-02/plots/true_function_matern_n10_EI.png  used on input line 168.
(pdftex.def)             Requested size: 105.69774pt x 84.55003pt.
<../Task-02/plots/true_function_matern_n20_EI.png, id=88, 722.7pt x 578.16pt>
File: ../Task-02/plots/true_function_matern_n20_EI.png Graphic file (type png)
<use ../Task-02/plots/true_function_matern_n20_EI.png>
Package pdftex.def Info: ../Task-02/plots/true_function_matern_n20_EI.png  used on input line 169.
(pdftex.def)             Requested size: 105.69774pt x 84.55003pt.
<../Task-02/plots/true_function_matern_n50_EI.png, id=89, 722.7pt x 578.16pt>
File: ../Task-02/plots/true_function_matern_n50_EI.png Graphic file (type png)
<use ../Task-02/plots/true_function_matern_n50_EI.png>
Package pdftex.def Info: ../Task-02/plots/true_function_matern_n50_EI.png  used on input line 170.
(pdftex.def)             Requested size: 105.69774pt x 84.55003pt.
<../Task-02/plots/true_function_matern_n100_EI.png, id=90, 722.7pt x 578.16pt>
File: ../Task-02/plots/true_function_matern_n100_EI.png Graphic file (type png)
<use ../Task-02/plots/true_function_matern_n100_EI.png>
Package pdftex.def Info: ../Task-02/plots/true_function_matern_n100_EI.png  used on input line 171.
(pdftex.def)             Requested size: 105.69774pt x 84.55003pt.
<../Task-02/plots/true_function_matern_n10_PI.png, id=91, 722.7pt x 578.16pt>
File: ../Task-02/plots/true_function_matern_n10_PI.png Graphic file (type png)
<use ../Task-02/plots/true_function_matern_n10_PI.png>
Package pdftex.def Info: ../Task-02/plots/true_function_matern_n10_PI.png  used on input line 174.
(pdftex.def)             Requested size: 105.69774pt x 84.55003pt.
<../Task-02/plots/true_function_matern_n20_PI.png, id=92, 722.7pt x 578.16pt>
File: ../Task-02/plots/true_function_matern_n20_PI.png Graphic file (type png)
<use ../Task-02/plots/true_function_matern_n20_PI.png>
Package pdftex.def Info: ../Task-02/plots/true_function_matern_n20_PI.png  used on input line 175.
(pdftex.def)             Requested size: 105.69774pt x 84.55003pt.
<../Task-02/plots/true_function_matern_n50_PI.png, id=93, 722.7pt x 578.16pt>
File: ../Task-02/plots/true_function_matern_n50_PI.png Graphic file (type png)
<use ../Task-02/plots/true_function_matern_n50_PI.png>
Package pdftex.def Info: ../Task-02/plots/true_function_matern_n50_PI.png  used on input line 176.
(pdftex.def)             Requested size: 105.69774pt x 84.55003pt.
<../Task-02/plots/true_function_matern_n100_PI.png, id=94, 722.7pt x 578.16pt>
File: ../Task-02/plots/true_function_matern_n100_PI.png Graphic file (type png)
<use ../Task-02/plots/true_function_matern_n100_PI.png>
Package pdftex.def Info: ../Task-02/plots/true_function_matern_n100_PI.png  used on input line 177.
(pdftex.def)             Requested size: 105.69774pt x 84.55003pt.

Overfull \hbox (1.036pt too wide) in paragraph at lines 167--180
 [][] 
 []

<../Task-02/plots/gp_mean_matern_n10_EI.png, id=95, 722.7pt x 578.16pt>
File: ../Task-02/plots/gp_mean_matern_n10_EI.png Graphic file (type png)
<use ../Task-02/plots/gp_mean_matern_n10_EI.png>
Package pdftex.def Info: ../Task-02/plots/gp_mean_matern_n10_EI.png  used on input line 187.
(pdftex.def)             Requested size: 105.69774pt x 84.55003pt.
<../Task-02/plots/gp_mean_matern_n20_EI.png, id=96, 722.7pt x 578.16pt>
File: ../Task-02/plots/gp_mean_matern_n20_EI.png Graphic file (type png)
<use ../Task-02/plots/gp_mean_matern_n20_EI.png>
Package pdftex.def Info: ../Task-02/plots/gp_mean_matern_n20_EI.png  used on input line 188.
(pdftex.def)             Requested size: 105.69774pt x 84.55003pt.
<../Task-02/plots/gp_mean_matern_n50_EI.png, id=97, 722.7pt x 578.16pt>
File: ../Task-02/plots/gp_mean_matern_n50_EI.png Graphic file (type png)
<use ../Task-02/plots/gp_mean_matern_n50_EI.png>
Package pdftex.def Info: ../Task-02/plots/gp_mean_matern_n50_EI.png  used on input line 189.
(pdftex.def)             Requested size: 105.69774pt x 84.55003pt.
<../Task-02/plots/gp_mean_matern_n100_EI.png, id=98, 722.7pt x 578.16pt>
File: ../Task-02/plots/gp_mean_matern_n100_EI.png Graphic file (type png)
<use ../Task-02/plots/gp_mean_matern_n100_EI.png>
Package pdftex.def Info: ../Task-02/plots/gp_mean_matern_n100_EI.png  used on input line 190.
(pdftex.def)             Requested size: 105.69774pt x 84.55003pt.
<../Task-02/plots/gp_mean_matern_n10_PI.png, id=99, 722.7pt x 578.16pt>
File: ../Task-02/plots/gp_mean_matern_n10_PI.png Graphic file (type png)
<use ../Task-02/plots/gp_mean_matern_n10_PI.png>
Package pdftex.def Info: ../Task-02/plots/gp_mean_matern_n10_PI.png  used on input line 193.
(pdftex.def)             Requested size: 105.69774pt x 84.55003pt.
<../Task-02/plots/gp_mean_matern_n20_PI.png, id=100, 722.7pt x 578.16pt>
File: ../Task-02/plots/gp_mean_matern_n20_PI.png Graphic file (type png)
<use ../Task-02/plots/gp_mean_matern_n20_PI.png>
Package pdftex.def Info: ../Task-02/plots/gp_mean_matern_n20_PI.png  used on input line 194.
(pdftex.def)             Requested size: 105.69774pt x 84.55003pt.
<../Task-02/plots/gp_mean_matern_n50_PI.png, id=101, 722.7pt x 578.16pt>
File: ../Task-02/plots/gp_mean_matern_n50_PI.png Graphic file (type png)
<use ../Task-02/plots/gp_mean_matern_n50_PI.png>
Package pdftex.def Info: ../Task-02/plots/gp_mean_matern_n50_PI.png  used on input line 195.
(pdftex.def)             Requested size: 105.69774pt x 84.55003pt.
<../Task-02/plots/gp_mean_matern_n100_PI.png, id=102, 722.7pt x 578.16pt>
File: ../Task-02/plots/gp_mean_matern_n100_PI.png Graphic file (type png)
<use ../Task-02/plots/gp_mean_matern_n100_PI.png>
Package pdftex.def Info: ../Task-02/plots/gp_mean_matern_n100_PI.png  used on input line 196.
(pdftex.def)             Requested size: 105.69774pt x 84.55003pt.

Overfull \hbox (1.036pt too wide) in paragraph at lines 186--199
 [][] 
 []

[4
pdfTeX warning (ext4): destination with the same identifier (name{figure.4}) has been already used, duplicate ignored
<argument> ...shipout:D \box_use:N \l_shipout_box 
                                                  \__shipout_drop_firstpage_...
l.202 
      
pdfTeX warning (ext4): destination with the same identifier (name{figure.5}) has been already used, duplicate ignored
<argument> ...shipout:D \box_use:N \l_shipout_box 
                                                  \__shipout_drop_firstpage_...
l.202 
       <../Task-02/plots/gp_std_rbf_n10_EI.png> <../Task-02/plots/gp_std_rbf_n20_EI.png> <../Task-02/plots/gp_std_rbf_n50_EI.png> <../Task-02/plots/gp_std_rbf_n100_EI.png> <../Task-02/plots/gp_std_rbf_n10_PI.png> <../Task-02/plots/gp_std_rbf_n20_PI.png> <../Task-02/plots/gp_std_rbf_n50_PI.png> <../Task-02/plots/gp_std_rbf_n100_PI.png> <../Task-02/plots/true_function_matern_n10_EI.png> <../Task-02/plots/true_function_matern_n20_EI.png> <../Task-02/plots/true_function_matern_n50_EI.png> <../Task-02/plots/true_function_matern_n100_EI.png> <../Task-02/plots/true_function_matern_n10_PI.png> <../Task-02/plots/true_function_matern_n20_PI.png> <../Task-02/plots/true_function_matern_n50_PI.png> <../Task-02/plots/true_function_matern_n100_PI.png>]
<../Task-02/plots/gp_std_matern_n10_EI.png, id=125, 722.7pt x 578.16pt>
File: ../Task-02/plots/gp_std_matern_n10_EI.png Graphic file (type png)
<use ../Task-02/plots/gp_std_matern_n10_EI.png>
Package pdftex.def Info: ../Task-02/plots/gp_std_matern_n10_EI.png  used on input line 206.
(pdftex.def)             Requested size: 105.69774pt x 84.55003pt.
<../Task-02/plots/gp_std_matern_n20_EI.png, id=126, 722.7pt x 578.16pt>
File: ../Task-02/plots/gp_std_matern_n20_EI.png Graphic file (type png)
<use ../Task-02/plots/gp_std_matern_n20_EI.png>
Package pdftex.def Info: ../Task-02/plots/gp_std_matern_n20_EI.png  used on input line 207.
(pdftex.def)             Requested size: 105.69774pt x 84.55003pt.
<../Task-02/plots/gp_std_matern_n50_EI.png, id=127, 722.7pt x 578.16pt>
File: ../Task-02/plots/gp_std_matern_n50_EI.png Graphic file (type png)
<use ../Task-02/plots/gp_std_matern_n50_EI.png>
Package pdftex.def Info: ../Task-02/plots/gp_std_matern_n50_EI.png  used on input line 208.
(pdftex.def)             Requested size: 105.69774pt x 84.55003pt.
<../Task-02/plots/gp_std_matern_n100_EI.png, id=128, 722.7pt x 578.16pt>
File: ../Task-02/plots/gp_std_matern_n100_EI.png Graphic file (type png)
<use ../Task-02/plots/gp_std_matern_n100_EI.png>
Package pdftex.def Info: ../Task-02/plots/gp_std_matern_n100_EI.png  used on input line 209.
(pdftex.def)             Requested size: 105.69774pt x 84.55003pt.
<../Task-02/plots/gp_std_matern_n10_PI.png, id=129, 722.7pt x 578.16pt>
File: ../Task-02/plots/gp_std_matern_n10_PI.png Graphic file (type png)
<use ../Task-02/plots/gp_std_matern_n10_PI.png>
Package pdftex.def Info: ../Task-02/plots/gp_std_matern_n10_PI.png  used on input line 212.
(pdftex.def)             Requested size: 105.69774pt x 84.55003pt.
<../Task-02/plots/gp_std_matern_n20_PI.png, id=130, 722.7pt x 578.16pt>
File: ../Task-02/plots/gp_std_matern_n20_PI.png Graphic file (type png)
<use ../Task-02/plots/gp_std_matern_n20_PI.png>
Package pdftex.def Info: ../Task-02/plots/gp_std_matern_n20_PI.png  used on input line 213.
(pdftex.def)             Requested size: 105.69774pt x 84.55003pt.
<../Task-02/plots/gp_std_matern_n50_PI.png, id=131, 722.7pt x 578.16pt>
File: ../Task-02/plots/gp_std_matern_n50_PI.png Graphic file (type png)
<use ../Task-02/plots/gp_std_matern_n50_PI.png>
Package pdftex.def Info: ../Task-02/plots/gp_std_matern_n50_PI.png  used on input line 214.
(pdftex.def)             Requested size: 105.69774pt x 84.55003pt.
<../Task-02/plots/gp_std_matern_n100_PI.png, id=132, 722.7pt x 578.16pt>
File: ../Task-02/plots/gp_std_matern_n100_PI.png Graphic file (type png)
<use ../Task-02/plots/gp_std_matern_n100_PI.png>
Package pdftex.def Info: ../Task-02/plots/gp_std_matern_n100_PI.png  used on input line 215.
(pdftex.def)             Requested size: 105.69774pt x 84.55003pt.

Overfull \hbox (1.036pt too wide) in paragraph at lines 205--218
 [][] 
 []

<../Task-02/plots/true_function_rational_quadratic_n10_EI.png, id=133, 722.7pt x 578.16pt>
File: ../Task-02/plots/true_function_rational_quadratic_n10_EI.png Graphic file (type png)
<use ../Task-02/plots/true_function_rational_quadratic_n10_EI.png>
Package pdftex.def Info: ../Task-02/plots/true_function_rational_quadratic_n10_EI.png  used on input line 225.
(pdftex.def)             Requested size: 105.69774pt x 84.55003pt.
<../Task-02/plots/true_function_rational_quadratic_n20_EI.png, id=134, 722.7pt x 578.16pt>
File: ../Task-02/plots/true_function_rational_quadratic_n20_EI.png Graphic file (type png)
<use ../Task-02/plots/true_function_rational_quadratic_n20_EI.png>
Package pdftex.def Info: ../Task-02/plots/true_function_rational_quadratic_n20_EI.png  used on input line 226.
(pdftex.def)             Requested size: 105.69774pt x 84.55003pt.
<../Task-02/plots/true_function_rational_quadratic_n50_EI.png, id=135, 722.7pt x 578.16pt>
File: ../Task-02/plots/true_function_rational_quadratic_n50_EI.png Graphic file (type png)
<use ../Task-02/plots/true_function_rational_quadratic_n50_EI.png>
Package pdftex.def Info: ../Task-02/plots/true_function_rational_quadratic_n50_EI.png  used on input line 227.
(pdftex.def)             Requested size: 105.69774pt x 84.55003pt.
<../Task-02/plots/true_function_rational_quadratic_n100_EI.png, id=136, 722.7pt x 578.16pt>
File: ../Task-02/plots/true_function_rational_quadratic_n100_EI.png Graphic file (type png)
<use ../Task-02/plots/true_function_rational_quadratic_n100_EI.png>
Package pdftex.def Info: ../Task-02/plots/true_function_rational_quadratic_n100_EI.png  used on input line 228.
(pdftex.def)             Requested size: 105.69774pt x 84.55003pt.
<../Task-02/plots/true_function_rational_quadratic_n10_PI.png, id=137, 722.7pt x 578.16pt>
File: ../Task-02/plots/true_function_rational_quadratic_n10_PI.png Graphic file (type png)
<use ../Task-02/plots/true_function_rational_quadratic_n10_PI.png>
Package pdftex.def Info: ../Task-02/plots/true_function_rational_quadratic_n10_PI.png  used on input line 231.
(pdftex.def)             Requested size: 105.69774pt x 84.55003pt.
<../Task-02/plots/true_function_rational_quadratic_n20_PI.png, id=138, 722.7pt x 578.16pt>
File: ../Task-02/plots/true_function_rational_quadratic_n20_PI.png Graphic file (type png)
<use ../Task-02/plots/true_function_rational_quadratic_n20_PI.png>
Package pdftex.def Info: ../Task-02/plots/true_function_rational_quadratic_n20_PI.png  used on input line 232.
(pdftex.def)             Requested size: 105.69774pt x 84.55003pt.
<../Task-02/plots/true_function_rational_quadratic_n50_PI.png, id=139, 722.7pt x 578.16pt>
File: ../Task-02/plots/true_function_rational_quadratic_n50_PI.png Graphic file (type png)
<use ../Task-02/plots/true_function_rational_quadratic_n50_PI.png>
Package pdftex.def Info: ../Task-02/plots/true_function_rational_quadratic_n50_PI.png  used on input line 233.
(pdftex.def)             Requested size: 105.69774pt x 84.55003pt.
<../Task-02/plots/true_function_rational_quadratic_n100_PI.png, id=140, 722.7pt x 578.16pt>
File: ../Task-02/plots/true_function_rational_quadratic_n100_PI.png Graphic file (type png)
<use ../Task-02/plots/true_function_rational_quadratic_n100_PI.png>
Package pdftex.def Info: ../Task-02/plots/true_function_rational_quadratic_n100_PI.png  used on input line 234.
(pdftex.def)             Requested size: 105.69774pt x 84.55003pt.

Overfull \hbox (1.036pt too wide) in paragraph at lines 224--237
 [][] 
 []

[5
pdfTeX warning (ext4): destination with the same identifier (name{figure.6}) has been already used, duplicate ignored
<argument> ...shipout:D \box_use:N \l_shipout_box 
                                                  \__shipout_drop_firstpage_...
l.240 
      
pdfTeX warning (ext4): destination with the same identifier (name{figure.7}) has been already used, duplicate ignored
<argument> ...shipout:D \box_use:N \l_shipout_box 
                                                  \__shipout_drop_firstpage_...
l.240 
       <../Task-02/plots/gp_mean_matern_n10_EI.png> <../Task-02/plots/gp_mean_matern_n20_EI.png> <../Task-02/plots/gp_mean_matern_n50_EI.png> <../Task-02/plots/gp_mean_matern_n100_EI.png> <../Task-02/plots/gp_mean_matern_n10_PI.png> <../Task-02/plots/gp_mean_matern_n20_PI.png> <../Task-02/plots/gp_mean_matern_n50_PI.png> <../Task-02/plots/gp_mean_matern_n100_PI.png> <../Task-02/plots/gp_std_matern_n10_EI.png> <../Task-02/plots/gp_std_matern_n20_EI.png> <../Task-02/plots/gp_std_matern_n50_EI.png> <../Task-02/plots/gp_std_matern_n100_EI.png> <../Task-02/plots/gp_std_matern_n10_PI.png> <../Task-02/plots/gp_std_matern_n20_PI.png> <../Task-02/plots/gp_std_matern_n50_PI.png> <../Task-02/plots/gp_std_matern_n100_PI.png>]
<../Task-02/plots/gp_mean_rational_quadratic_n10_EI.png, id=163, 722.7pt x 578.16pt>
File: ../Task-02/plots/gp_mean_rational_quadratic_n10_EI.png Graphic file (type png)
<use ../Task-02/plots/gp_mean_rational_quadratic_n10_EI.png>
Package pdftex.def Info: ../Task-02/plots/gp_mean_rational_quadratic_n10_EI.png  used on input line 244.
(pdftex.def)             Requested size: 105.69774pt x 84.55003pt.
<../Task-02/plots/gp_mean_rational_quadratic_n20_EI.png, id=164, 722.7pt x 578.16pt>
File: ../Task-02/plots/gp_mean_rational_quadratic_n20_EI.png Graphic file (type png)
<use ../Task-02/plots/gp_mean_rational_quadratic_n20_EI.png>
Package pdftex.def Info: ../Task-02/plots/gp_mean_rational_quadratic_n20_EI.png  used on input line 245.
(pdftex.def)             Requested size: 105.69774pt x 84.55003pt.
<../Task-02/plots/gp_mean_rational_quadratic_n50_EI.png, id=165, 722.7pt x 578.16pt>
File: ../Task-02/plots/gp_mean_rational_quadratic_n50_EI.png Graphic file (type png)
<use ../Task-02/plots/gp_mean_rational_quadratic_n50_EI.png>
Package pdftex.def Info: ../Task-02/plots/gp_mean_rational_quadratic_n50_EI.png  used on input line 246.
(pdftex.def)             Requested size: 105.69774pt x 84.55003pt.
<../Task-02/plots/gp_mean_rational_quadratic_n100_EI.png, id=166, 722.7pt x 578.16pt>
File: ../Task-02/plots/gp_mean_rational_quadratic_n100_EI.png Graphic file (type png)
<use ../Task-02/plots/gp_mean_rational_quadratic_n100_EI.png>
Package pdftex.def Info: ../Task-02/plots/gp_mean_rational_quadratic_n100_EI.png  used on input line 247.
(pdftex.def)             Requested size: 105.69774pt x 84.55003pt.
<../Task-02/plots/gp_mean_rational_quadratic_n10_PI.png, id=167, 722.7pt x 578.16pt>
File: ../Task-02/plots/gp_mean_rational_quadratic_n10_PI.png Graphic file (type png)
<use ../Task-02/plots/gp_mean_rational_quadratic_n10_PI.png>
Package pdftex.def Info: ../Task-02/plots/gp_mean_rational_quadratic_n10_PI.png  used on input line 250.
(pdftex.def)             Requested size: 105.69774pt x 84.55003pt.
<../Task-02/plots/gp_mean_rational_quadratic_n20_PI.png, id=168, 722.7pt x 578.16pt>
File: ../Task-02/plots/gp_mean_rational_quadratic_n20_PI.png Graphic file (type png)
<use ../Task-02/plots/gp_mean_rational_quadratic_n20_PI.png>
Package pdftex.def Info: ../Task-02/plots/gp_mean_rational_quadratic_n20_PI.png  used on input line 251.
(pdftex.def)             Requested size: 105.69774pt x 84.55003pt.
<../Task-02/plots/gp_mean_rational_quadratic_n50_PI.png, id=169, 722.7pt x 578.16pt>
File: ../Task-02/plots/gp_mean_rational_quadratic_n50_PI.png Graphic file (type png)
<use ../Task-02/plots/gp_mean_rational_quadratic_n50_PI.png>
Package pdftex.def Info: ../Task-02/plots/gp_mean_rational_quadratic_n50_PI.png  used on input line 252.
(pdftex.def)             Requested size: 105.69774pt x 84.55003pt.
<../Task-02/plots/gp_mean_rational_quadratic_n100_PI.png, id=170, 722.7pt x 578.16pt>
File: ../Task-02/plots/gp_mean_rational_quadratic_n100_PI.png Graphic file (type png)
<use ../Task-02/plots/gp_mean_rational_quadratic_n100_PI.png>
Package pdftex.def Info: ../Task-02/plots/gp_mean_rational_quadratic_n100_PI.png  used on input line 253.
(pdftex.def)             Requested size: 105.69774pt x 84.55003pt.

Overfull \hbox (1.036pt too wide) in paragraph at lines 243--256
 [][] 
 []

<../Task-02/plots/gp_std_rational_quadratic_n10_EI.png, id=171, 722.7pt x 578.16pt>
File: ../Task-02/plots/gp_std_rational_quadratic_n10_EI.png Graphic file (type png)
<use ../Task-02/plots/gp_std_rational_quadratic_n10_EI.png>
Package pdftex.def Info: ../Task-02/plots/gp_std_rational_quadratic_n10_EI.png  used on input line 263.
(pdftex.def)             Requested size: 105.69774pt x 84.55003pt.
<../Task-02/plots/gp_std_rational_quadratic_n20_EI.png, id=172, 722.7pt x 578.16pt>
File: ../Task-02/plots/gp_std_rational_quadratic_n20_EI.png Graphic file (type png)
<use ../Task-02/plots/gp_std_rational_quadratic_n20_EI.png>
Package pdftex.def Info: ../Task-02/plots/gp_std_rational_quadratic_n20_EI.png  used on input line 264.
(pdftex.def)             Requested size: 105.69774pt x 84.55003pt.
<../Task-02/plots/gp_std_rational_quadratic_n50_EI.png, id=173, 722.7pt x 578.16pt>
File: ../Task-02/plots/gp_std_rational_quadratic_n50_EI.png Graphic file (type png)
<use ../Task-02/plots/gp_std_rational_quadratic_n50_EI.png>
Package pdftex.def Info: ../Task-02/plots/gp_std_rational_quadratic_n50_EI.png  used on input line 265.
(pdftex.def)             Requested size: 105.69774pt x 84.55003pt.
<../Task-02/plots/gp_std_rational_quadratic_n100_EI.png, id=174, 722.7pt x 578.16pt>
File: ../Task-02/plots/gp_std_rational_quadratic_n100_EI.png Graphic file (type png)
<use ../Task-02/plots/gp_std_rational_quadratic_n100_EI.png>
Package pdftex.def Info: ../Task-02/plots/gp_std_rational_quadratic_n100_EI.png  used on input line 266.
(pdftex.def)             Requested size: 105.69774pt x 84.55003pt.
<../Task-02/plots/gp_std_rational_quadratic_n10_PI.png, id=175, 722.7pt x 578.16pt>
File: ../Task-02/plots/gp_std_rational_quadratic_n10_PI.png Graphic file (type png)
<use ../Task-02/plots/gp_std_rational_quadratic_n10_PI.png>
Package pdftex.def Info: ../Task-02/plots/gp_std_rational_quadratic_n10_PI.png  used on input line 269.
(pdftex.def)             Requested size: 105.69774pt x 84.55003pt.
<../Task-02/plots/gp_std_rational_quadratic_n20_PI.png, id=176, 722.7pt x 578.16pt>
File: ../Task-02/plots/gp_std_rational_quadratic_n20_PI.png Graphic file (type png)
<use ../Task-02/plots/gp_std_rational_quadratic_n20_PI.png>
Package pdftex.def Info: ../Task-02/plots/gp_std_rational_quadratic_n20_PI.png  used on input line 270.
(pdftex.def)             Requested size: 105.69774pt x 84.55003pt.
<../Task-02/plots/gp_std_rational_quadratic_n50_PI.png, id=177, 722.7pt x 578.16pt>
File: ../Task-02/plots/gp_std_rational_quadratic_n50_PI.png Graphic file (type png)
<use ../Task-02/plots/gp_std_rational_quadratic_n50_PI.png>
Package pdftex.def Info: ../Task-02/plots/gp_std_rational_quadratic_n50_PI.png  used on input line 271.
(pdftex.def)             Requested size: 105.69774pt x 84.55003pt.
<../Task-02/plots/gp_std_rational_quadratic_n100_PI.png, id=178, 722.7pt x 578.16pt>
File: ../Task-02/plots/gp_std_rational_quadratic_n100_PI.png Graphic file (type png)
<use ../Task-02/plots/gp_std_rational_quadratic_n100_PI.png>
Package pdftex.def Info: ../Task-02/plots/gp_std_rational_quadratic_n100_PI.png  used on input line 272.
(pdftex.def)             Requested size: 105.69774pt x 84.55003pt.

Overfull \hbox (1.036pt too wide) in paragraph at lines 262--275
 [][] 
 []

[6
pdfTeX warning (ext4): destination with the same identifier (name{figure.8}) has been already used, duplicate ignored
<argument> ...shipout:D \box_use:N \l_shipout_box 
                                                  \__shipout_drop_firstpage_...
l.278 
      
pdfTeX warning (ext4): destination with the same identifier (name{figure.9}) has been already used, duplicate ignored
<argument> ...shipout:D \box_use:N \l_shipout_box 
                                                  \__shipout_drop_firstpage_...
l.278 
       <../Task-02/plots/true_function_rational_quadratic_n10_EI.png> <../Task-02/plots/true_function_rational_quadratic_n20_EI.png> <../Task-02/plots/true_function_rational_quadratic_n50_EI.png> <../Task-02/plots/true_function_rational_quadratic_n100_EI.png> <../Task-02/plots/true_function_rational_quadratic_n10_PI.png> <../Task-02/plots/true_function_rational_quadratic_n20_PI.png> <../Task-02/plots/true_function_rational_quadratic_n50_PI.png> <../Task-02/plots/true_function_rational_quadratic_n100_PI.png> <../Task-02/plots/gp_mean_rational_quadratic_n10_EI.png> <../Task-02/plots/gp_mean_rational_quadratic_n20_EI.png> <../Task-02/plots/gp_mean_rational_quadratic_n50_EI.png> <../Task-02/plots/gp_mean_rational_quadratic_n100_EI.png> <../Task-02/plots/gp_mean_rational_quadratic_n10_PI.png> <../Task-02/plots/gp_mean_rational_quadratic_n20_PI.png> <../Task-02/plots/gp_mean_rational_quadratic_n50_PI.png> <../Task-02/plots/gp_mean_rational_quadratic_n100_PI.png>] [7
pdfTeX warning (ext4): destination with the same identifier (name{figure.10}) has been already used, duplicate ignored
<argument> ...shipout:D \box_use:N \l_shipout_box 
                                                  \__shipout_drop_firstpage_...
l.314         \item I
                     mplemented Task 1. <../Task-02/plots/gp_std_rational_quadratic_n10_EI.png> <../Task-02/plots/gp_std_rational_quadratic_n20_EI.png> <../Task-02/plots/gp_std_rational_quadratic_n50_EI.png> <../Task-02/plots/gp_std_rational_quadratic_n100_EI.png> <../Task-02/plots/gp_std_rational_quadratic_n10_PI.png> <../Task-02/plots/gp_std_rational_quadratic_n20_PI.png> <../Task-02/plots/gp_std_rational_quadratic_n50_PI.png> <../Task-02/plots/gp_std_rational_quadratic_n100_PI.png>] [8] (report.aux)
 ***********
LaTeX2e <2023-11-01> patch level 1
L3 programming layer <2024-01-04>
 ***********
Package rerunfilecheck Info: File `report.out' has not changed.
(rerunfilecheck)             Checksum: 7C4920D3C2264C6888632B8D8EB890F7;228.
 ) 
Here is how much of TeX's memory you used:
 11550 strings out of 474486
 198386 string characters out of 5743755
 1940542 words of memory out of 5000000
 33652 multiletter control sequences out of 15000+600000
 566290 words of font info for 67 fonts, out of 8000000 for 9000
 1141 hyphenation exceptions out of 8191
 75i,12n,79p,350b,593s stack positions out of 10000i,1000n,20000p,200000b,200000s
 <C:\Users\deept\AppData\Local\MiKTeX\fonts/pk/ljfour/jknappen/ec/dpi600\tcrm1095.pk><C:/Users/deept/AppData/Local/Programs/MiKTeX/fonts/type1/public/amsfonts/cm/cmbx10.pfb><C:/Users/deept/AppData/Local/Programs/MiKTeX/fonts/type1/public/amsfonts/cm/cmbx12.pfb><C:/Users/deept/AppData/Local/Programs/MiKTeX/fonts/type1/public/amsfonts/cm/cmmi10.pfb><C:/Users/deept/AppData/Local/Programs/MiKTeX/fonts/type1/public/amsfonts/cm/cmr10.pfb><C:/Users/deept/AppData/Local/Programs/MiKTeX/fonts/type1/public/amsfonts/cm/cmr12.pfb><C:/Users/deept/AppData/Local/Programs/MiKTeX/fonts/type1/public/amsfonts/cm/cmr17.pfb><C:/Users/deept/AppData/Local/Programs/MiKTeX/fonts/type1/public/amsfonts/cm/cmtt10.pfb>
Output written on report.pdf (8 pages, 3932869 bytes).
PDF statistics:
 281 PDF objects out of 1000 (max. 8388607)
 37 named destinations out of 1000 (max. 500000)
 405 words of extra memory for PDF output out of 10000 (max. 10000000)

